# JRE version: OpenJDK Runtime Environment (17.0.7) (build 17.0.7+0-b2043.56-10550314)
# Java VM: OpenJDK 64-Bit Server VM (17.0.7+0-b2043.56-10550314, mixed mode, tiered, compressed oops, compressed class ptrs, g1 gc, windows-amd64)
GC Precious Log:
 CPUs: 8 total, 8 available
 Memory: 7954M
 Large Page Support: Disabled
 NUMA Support: Disabled
 Compressed Oops: Enabled (32-bit)
 Heap Region Size: 1M
 Heap Min Capacity: 8M
 Heap Initial Capacity: 126M
 Heap Max Capacity: 1990M
 Pre-touch: Disabled
 Parallel Workers: 8
 Concurrent Workers: 2
 Concurrent Refinement Workers: 8
 Periodic GC: Disabled
Heap:
 garbage-first heap   total 97280K, used 52909K [0x0000000083a00000, 0x0000000100000000)
  region size 1024K, 7 young (7168K), 1 survivors (1024K)
 Metaspace       used 53218K, committed 53440K, reserved 1114112K
  class space    used 6154K, committed 6272K, reserved 1048576K
GC Heap History (20 events):
Event: 7.129 GC heap before
{Heap before GC invocations=12 (full 0):
 garbage-first heap   total 61440K, used 47889K [0x0000000083a00000, 0x0000000100000000)
  region size 1024K, 26 young (26624K), 3 survivors (3072K)
 Metaspace       used 43698K, committed 43904K, reserved 1114112K
  class space    used 5282K, committed 5376K, reserved 1048576K
}
Event: 7.141 GC heap after
{Heap after GC invocations=13 (full 0):
 garbage-first heap   total 61440K, used 27044K [0x0000000083a00000, 0x0000000100000000)
  region size 1024K, 4 young (4096K), 4 survivors (4096K)
 Metaspace       used 43698K, committed 43904K, reserved 1114112K
  class space    used 5282K, committed 5376K, reserved 1048576K
}
Event: 7.334 GC heap before
{Heap before GC invocations=13 (full 0):
 garbage-first heap   total 61440K, used 46500K [0x0000000083a00000, 0x0000000100000000)
  region size 1024K, 23 young (23552K), 4 survivors (4096K)
 Metaspace       used 44155K, committed 44416K, reserved 1114112K
  class space    used 5319K, committed 5440K, reserved 1048576K
}
Event: 7.346 GC heap after
{Heap after GC invocations=14 (full 0):
 garbage-first heap   total 61440K, used 28130K [0x0000000083a00000, 0x0000000100000000)
  region size 1024K, 1 young (1024K), 1 survivors (1024K)
 Metaspace       used 44155K, committed 44416K, reserved 1114112K
  class space    used 5319K, committed 5440K, reserved 1048576K
}
Event: 8.281 GC heap before
{Heap before GC invocations=14 (full 0):
 garbage-first heap   total 61440K, used 47586K [0x0000000083a00000, 0x0000000100000000)
  region size 1024K, 20 young (20480K), 1 survivors (1024K)
 Metaspace       used 46475K, committed 46720K, reserved 1114112K
  class space    used 5513K, committed 5632K, reserved 1048576K
}
Event: 8.299 GC heap after
{Heap after GC invocations=15 (full 0):
 garbage-first heap   total 74752K, used 31156K [0x0000000083a00000, 0x0000000100000000)
  region size 1024K, 3 young (3072K), 3 survivors (3072K)
 Metaspace       used 46475K, committed 46720K, reserved 1114112K
  class space    used 5513K, committed 5632K, reserved 1048576K
}
Event: 8.865 GC heap before
{Heap before GC invocations=15 (full 0):
 garbage-first heap   total 74752K, used 46516K [0x0000000083a00000, 0x0000000100000000)
  region size 1024K, 20 young (20480K), 3 survivors (3072K)
 Metaspace       used 46979K, committed 47168K, reserved 1114112K
  class space    used 5535K, committed 5632K, reserved 1048576K
}
Event: 8.881 GC heap after
{Heap after GC invocations=16 (full 0):
 garbage-first heap   total 74752K, used 34582K [0x0000000083a00000, 0x0000000100000000)
  region size 1024K, 4 young (4096K), 4 survivors (4096K)
 Metaspace       used 46979K, committed 47168K, reserved 1114112K
  class space    used 5535K, committed 5632K, reserved 1048576K
}
Event: 9.343 GC heap before
{Heap before GC invocations=17 (full 0):
 garbage-first heap   total 74752K, used 56086K [0x0000000083a00000, 0x0000000100000000)
  region size 1024K, 25 young (25600K), 4 survivors (4096K)
 Metaspace       used 48066K, committed 48320K, reserved 1114112K
  class space    used 5660K, committed 5760K, reserved 1048576K
}
Event: 9.357 GC heap after
{Heap after GC invocations=18 (full 0):
 garbage-first heap   total 74752K, used 37213K [0x0000000083a00000, 0x0000000100000000)
  region size 1024K, 3 young (3072K), 3 survivors (3072K)
 Metaspace       used 48066K, committed 48320K, reserved 1114112K
  class space    used 5660K, committed 5760K, reserved 1048576K
}
Event: 10.116 GC heap before
{Heap before GC invocations=18 (full 0):
 garbage-first heap   total 74752K, used 57693K [0x0000000083a00000, 0x0000000100000000)
  region size 1024K, 23 young (23552K), 3 survivors (3072K)
 Metaspace       used 49917K, committed 50176K, reserved 1114112K
  class space    used 5853K, committed 5952K, reserved 1048576K
}
Event: 10.130 GC heap after
{Heap after GC invocations=19 (full 0):
 garbage-first heap   total 74752K, used 39761K [0x0000000083a00000, 0x0000000100000000)
  region size 1024K, 3 young (3072K), 3 survivors (3072K)
 Metaspace       used 49917K, committed 50176K, reserved 1114112K
  class space    used 5853K, committed 5952K, reserved 1048576K
}
Event: 10.647 GC heap before
{Heap before GC invocations=20 (full 0):
 garbage-first heap   total 78848K, used 57169K [0x0000000083a00000, 0x0000000100000000)
  region size 1024K, 21 young (21504K), 3 survivors (3072K)
 Metaspace       used 50957K, committed 51200K, reserved 1114112K
  class space    used 5954K, committed 6080K, reserved 1048576K
}
Event: 10.658 GC heap after
{Heap after GC invocations=21 (full 0):
 garbage-first heap   total 78848K, used 42666K [0x0000000083a00000, 0x0000000100000000)
  region size 1024K, 3 young (3072K), 3 survivors (3072K)
 Metaspace       used 50957K, committed 51200K, reserved 1114112K
  class space    used 5954K, committed 6080K, reserved 1048576K
}
Event: 11.312 GC heap before
{Heap before GC invocations=21 (full 0):
 garbage-first heap   total 78848K, used 62122K [0x0000000083a00000, 0x0000000100000000)
  region size 1024K, 22 young (22528K), 3 survivors (3072K)
 Metaspace       used 52244K, committed 52480K, reserved 1114112K
  class space    used 6113K, committed 6208K, reserved 1048576K
}
Event: 11.327 GC heap after
{Heap after GC invocations=22 (full 0):
 garbage-first heap   total 78848K, used 46064K [0x0000000083a00000, 0x0000000100000000)
  region size 1024K, 3 young (3072K), 3 survivors (3072K)
 Metaspace       used 52244K, committed 52480K, reserved 1114112K
  class space    used 6113K, committed 6208K, reserved 1048576K
}
Event: 12.306 GC heap before
{Heap before GC invocations=23 (full 0):
 garbage-first heap   total 80896K, used 62448K [0x0000000083a00000, 0x0000000100000000)
  region size 1024K, 19 young (19456K), 3 survivors (3072K)
 Metaspace       used 53107K, committed 53376K, reserved 1114112K
  class space    used 6154K, committed 6272K, reserved 1048576K
}
Event: 12.319 GC heap after
{Heap after GC invocations=24 (full 0):
 garbage-first heap   total 80896K, used 47917K [0x0000000083a00000, 0x0000000100000000)
  region size 1024K, 2 young (2048K), 2 survivors (2048K)
 Metaspace       used 53107K, committed 53376K, reserved 1114112K
  class space    used 6154K, committed 6272K, reserved 1048576K
}
Event: 12.356 GC heap before
{Heap before GC invocations=24 (full 0):
 garbage-first heap   total 80896K, used 48941K [0x0000000083a00000, 0x0000000100000000)
  region size 1024K, 3 young (3072K), 2 survivors (2048K)
 Metaspace       used 53122K, committed 53376K, reserved 1114112K
  class space    used 6154K, committed 6272K, reserved 1048576K
}
Event: 12.383 GC heap after
{Heap after GC invocations=25 (full 0):
 garbage-first heap   total 97280K, used 47789K [0x0000000083a00000, 0x0000000100000000)
  region size 1024K, 1 young (1024K), 1 survivors (1024K)
 Metaspace       used 53122K, committed 53376K, reserved 1114112K
  class space    used 6154K, committed 6272K, reserved 1048576K
}

